<?xml version="1.0" encoding="UTF-8"?>
<coverage generated="1550448104728" clover="3.2.0">
  <project timestamp="1550448104729" name="All files">
    <metrics statements="84" coveredstatements="49" conditionals="26" coveredconditionals="15" methods="50" coveredmethods="31" elements="160" coveredelements="95" complexity="0" loc="84" ncloc="84" packages="2" files="8" classes="8">
      <package name="src">
        <metrics statements="51" coveredstatements="16" conditionals="12" coveredconditionals="1" methods="24" coveredmethods="5"/>
        <file name="App.js" path="E:\Brayan\React\reactnd-project-myreads-starter\src\App.js">
          <metrics statements="24" coveredstatements="5" conditionals="10" coveredconditionals="0" methods="13" coveredmethods="4"/>
          <line num="16" count="1" type="stmt"/>
          <line num="17" count="0" type="stmt"/>
          <line num="21" count="0" type="stmt"/>
          <line num="22" count="0" type="stmt"/>
          <line num="24" count="0" type="stmt"/>
          <line num="25" count="0" type="cond" truecount="0" falsecount="2"/>
          <line num="26" count="0" type="stmt"/>
          <line num="29" count="0" type="stmt"/>
          <line num="30" count="0" type="stmt"/>
          <line num="31" count="0" type="stmt"/>
          <line num="38" count="0" type="stmt"/>
          <line num="39" count="0" type="cond" truecount="0" falsecount="4"/>
          <line num="40" count="0" type="stmt"/>
          <line num="41" count="0" type="cond" truecount="0" falsecount="2"/>
          <line num="43" count="0" type="stmt"/>
          <line num="44" count="0" type="stmt"/>
          <line num="45" count="0" type="cond" truecount="0" falsecount="2"/>
          <line num="46" count="0" type="stmt"/>
          <line num="50" count="0" type="stmt"/>
          <line num="56" count="1" type="stmt"/>
          <line num="60" count="1" type="stmt"/>
          <line num="62" count="1" type="stmt"/>
          <line num="65" count="1" type="stmt"/>
          <line num="82" count="0" type="stmt"/>
        </file>
        <file name="BooksAPI.js" path="E:\Brayan\React\reactnd-project-myreads-starter\src\BooksAPI.js">
          <metrics statements="20" coveredstatements="10" conditionals="2" coveredconditionals="1" methods="11" coveredmethods="1"/>
          <line num="2" count="1" type="stmt"/>
          <line num="6" count="1" type="stmt"/>
          <line num="7" count="1" type="cond" truecount="1" falsecount="1"/>
          <line num="8" count="1" type="stmt"/>
          <line num="10" count="1" type="stmt"/>
          <line num="15" count="1" type="stmt"/>
          <line num="16" count="0" type="stmt"/>
          <line num="17" count="0" type="stmt"/>
          <line num="18" count="0" type="stmt"/>
          <line num="20" count="1" type="stmt"/>
          <line num="21" count="1" type="stmt"/>
          <line num="22" count="0" type="stmt"/>
          <line num="23" count="0" type="stmt"/>
          <line num="25" count="1" type="stmt"/>
          <line num="26" count="0" type="stmt"/>
          <line num="33" count="0" type="stmt"/>
          <line num="35" count="1" type="stmt"/>
          <line num="36" count="0" type="stmt"/>
          <line num="43" count="0" type="stmt"/>
          <line num="44" count="0" type="stmt"/>
        </file>
        <file name="index.js" path="E:\Brayan\React\reactnd-project-myreads-starter\src\index.js">
          <metrics statements="6" coveredstatements="0" conditionals="0" coveredconditionals="0" methods="0" coveredmethods="0"/>
          <line num="1" count="0" type="stmt"/>
          <line num="2" count="0" type="stmt"/>
          <line num="3" count="0" type="stmt"/>
          <line num="4" count="0" type="stmt"/>
          <line num="5" count="0" type="stmt"/>
          <line num="7" count="0" type="stmt"/>
        </file>
        <file name="setupTests.js" path="E:\Brayan\React\reactnd-project-myreads-starter\src\setupTests.js">
          <metrics statements="1" coveredstatements="1" conditionals="0" coveredconditionals="0" methods="0" coveredmethods="0"/>
          <line num="4" count="5" type="stmt"/>
        </file>
      </package>
      <package name="src.components">
        <metrics statements="33" coveredstatements="33" conditionals="14" coveredconditionals="14" methods="26" coveredmethods="26"/>
        <file name="Book.js" path="E:\Brayan\React\reactnd-project-myreads-starter\src\components\Book.js">
          <metrics statements="9" coveredstatements="9" conditionals="4" coveredconditionals="4" methods="6" coveredmethods="6"/>
          <line num="13" count="8" type="stmt"/>
          <line num="25" count="9" type="stmt"/>
          <line num="27" count="2" type="stmt"/>
          <line num="40" count="2" type="stmt"/>
          <line num="41" count="2" type="stmt"/>
          <line num="42" count="2" type="stmt"/>
          <line num="47" count="9" type="stmt"/>
          <line num="49" count="9" type="stmt"/>
          <line num="57" count="8" type="cond" truecount="2" falsecount="0"/>
        </file>
        <file name="BookShelf.js" path="E:\Brayan\React\reactnd-project-myreads-starter\src\components\BookShelf.js">
          <metrics statements="3" coveredstatements="3" conditionals="0" coveredconditionals="0" methods="2" coveredmethods="2"/>
          <line num="14" count="11" type="stmt"/>
          <line num="16" count="11" type="stmt"/>
          <line num="22" count="8" type="stmt"/>
        </file>
        <file name="ListBooks.js" path="E:\Brayan\React\reactnd-project-myreads-starter\src\components\ListBooks.js">
          <metrics statements="5" coveredstatements="5" conditionals="0" coveredconditionals="0" methods="4" coveredmethods="4"/>
          <line num="14" count="2" type="stmt"/>
          <line num="16" count="2" type="stmt"/>
          <line num="19" count="4" type="stmt"/>
          <line num="20" count="4" type="stmt"/>
          <line num="21" count="4" type="stmt"/>
        </file>
        <file name="SearchBooks.js" path="E:\Brayan\React\reactnd-project-myreads-starter\src\components\SearchBooks.js">
          <metrics statements="16" coveredstatements="16" conditionals="10" coveredconditionals="10" methods="14" coveredmethods="14"/>
          <line num="15" count="1" type="stmt"/>
          <line num="16" count="1" type="stmt"/>
          <line num="17" count="1" type="stmt"/>
          <line num="18" count="1" type="stmt"/>
          <line num="20" count="1" type="stmt"/>
          <line num="22" count="4" type="cond" truecount="2" falsecount="0"/>
          <line num="23" count="4" type="cond" truecount="2" falsecount="0"/>
          <line num="24" count="4" type="cond" truecount="2" falsecount="0"/>
          <line num="25" count="4" type="cond" truecount="2" falsecount="0"/>
          <line num="32" count="1" type="stmt"/>
          <line num="38" count="1" type="stmt"/>
          <line num="40" count="1" type="stmt"/>
          <line num="44" count="1" type="stmt"/>
          <line num="46" count="1" type="stmt"/>
          <line num="58" count="1" type="cond" truecount="2" falsecount="0"/>
          <line num="59" count="1" type="stmt"/>
        </file>
      </package>
    </metrics>
  </project>
</coverage>
