{"E:\\Brayan\\React\\reactnd-project-myreads-starter\\src\\App.js": {"path":"E:\\Brayan\\React\\reactnd-project-myreads-starter\\src\\App.js","statementMap":{"0":{"start":{"line":16,"column":18},"end":{"line":16,"column":41}},"1":{"start":{"line":17,"column":4},"end":{"line":17,"column":29}},"2":{"start":{"line":21,"column":4},"end":{"line":21,"column":42}},"3":{"start":{"line":22,"column":4},"end":{"line":22,"column":23}},"4":{"start":{"line":24,"column":21},"end":{"line":24,"column":42}},"5":{"start":{"line":25,"column":4},"end":{"line":27,"column":5}},"6":{"start":{"line":25,"column":29},"end":{"line":25,"column":45}},"7":{"start":{"line":26,"column":6},"end":{"line":26,"column":86}},"8":{"start":{"line":26,"column":53},"end":{"line":26,"column":69}},"9":{"start":{"line":29,"column":4},"end":{"line":34,"column":6}},"10":{"start":{"line":30,"column":6},"end":{"line":33,"column":9}},"11":{"start":{"line":31,"column":39},"end":{"line":31,"column":55}},"12":{"start":{"line":38,"column":21},"end":{"line":38,"column":23}},"13":{"start":{"line":39,"column":4},"end":{"line":48,"column":5}},"14":{"start":{"line":40,"column":23},"end":{"line":40,"column":51}},"15":{"start":{"line":41,"column":6},"end":{"line":41,"column":68}},"16":{"start":{"line":43,"column":6},"end":{"line":47,"column":9}},"17":{"start":{"line":44,"column":21},"end":{"line":44,"column":68}},"18":{"start":{"line":44,"column":51},"end":{"line":44,"column":67}},"19":{"start":{"line":45,"column":8},"end":{"line":45,"column":69}},"20":{"start":{"line":46,"column":8},"end":{"line":46,"column":17}},"21":{"start":{"line":50,"column":4},"end":{"line":52,"column":6}},"22":{"start":{"line":56,"column":4},"end":{"line":56,"column":30}},"23":{"start":{"line":60,"column":34},"end":{"line":60,"column":44}},"24":{"start":{"line":62,"column":4},"end":{"line":89,"column":6}},"25":{"start":{"line":65,"column":10},"end":{"line":76,"column":16}},"26":{"start":{"line":82,"column":12},"end":{"line":85,"column":43}}},"fnMap":{"0":{"name":"(anonymous_0)","decl":{"start":{"line":15,"column":17},"end":{"line":15,"column":18}},"loc":{"start":{"line":15,"column":29},"end":{"line":18,"column":3}},"line":15},"1":{"name":"(anonymous_1)","decl":{"start":{"line":20,"column":22},"end":{"line":20,"column":23}},"loc":{"start":{"line":20,"column":45},"end":{"line":35,"column":3}},"line":20},"2":{"name":"(anonymous_2)","decl":{"start":{"line":25,"column":24},"end":{"line":25,"column":25}},"loc":{"start":{"line":25,"column":29},"end":{"line":25,"column":45}},"line":25},"3":{"name":"(anonymous_3)","decl":{"start":{"line":26,"column":48},"end":{"line":26,"column":49}},"loc":{"start":{"line":26,"column":53},"end":{"line":26,"column":69}},"line":26},"4":{"name":"(anonymous_4)","decl":{"start":{"line":29,"column":18},"end":{"line":29,"column":19}},"loc":{"start":{"line":29,"column":27},"end":{"line":34,"column":5}},"line":29},"5":{"name":"(anonymous_5)","decl":{"start":{"line":31,"column":34},"end":{"line":31,"column":35}},"loc":{"start":{"line":31,"column":39},"end":{"line":31,"column":55}},"line":31},"6":{"name":"(anonymous_6)","decl":{"start":{"line":37,"column":15},"end":{"line":37,"column":16}},"loc":{"start":{"line":37,"column":32},"end":{"line":53,"column":3}},"line":37},"7":{"name":"(anonymous_7)","decl":{"start":{"line":43,"column":34},"end":{"line":43,"column":35}},"loc":{"start":{"line":43,"column":39},"end":{"line":47,"column":7}},"line":43},"8":{"name":"(anonymous_8)","decl":{"start":{"line":44,"column":43},"end":{"line":44,"column":44}},"loc":{"start":{"line":44,"column":51},"end":{"line":44,"column":67}},"line":44},"9":{"name":"(anonymous_9)","decl":{"start":{"line":55,"column":2},"end":{"line":55,"column":3}},"loc":{"start":{"line":55,"column":28},"end":{"line":57,"column":3}},"line":55},"10":{"name":"(anonymous_10)","decl":{"start":{"line":59,"column":2},"end":{"line":59,"column":3}},"loc":{"start":{"line":59,"column":11},"end":{"line":90,"column":3}},"line":59},"11":{"name":"(anonymous_11)","decl":{"start":{"line":64,"column":38},"end":{"line":64,"column":39}},"loc":{"start":{"line":65,"column":10},"end":{"line":76,"column":16}},"line":65},"12":{"name":"(anonymous_12)","decl":{"start":{"line":81,"column":18},"end":{"line":81,"column":19}},"loc":{"start":{"line":82,"column":12},"end":{"line":85,"column":43}},"line":82}},"branchMap":{"0":{"loc":{"start":{"line":25,"column":4},"end":{"line":27,"column":5}},"type":"if","locations":[{"start":{"line":25,"column":4},"end":{"line":27,"column":5}},{"start":{"line":25,"column":4},"end":{"line":27,"column":5}}],"line":25},"1":{"loc":{"start":{"line":39,"column":4},"end":{"line":48,"column":5}},"type":"if","locations":[{"start":{"line":39,"column":4},"end":{"line":48,"column":5}},{"start":{"line":39,"column":4},"end":{"line":48,"column":5}}],"line":39},"2":{"loc":{"start":{"line":39,"column":8},"end":{"line":39,"column":38}},"type":"binary-expr","locations":[{"start":{"line":39,"column":8},"end":{"line":39,"column":22}},{"start":{"line":39,"column":26},"end":{"line":39,"column":38}}],"line":39},"3":{"loc":{"start":{"line":41,"column":19},"end":{"line":41,"column":67}},"type":"cond-expr","locations":[{"start":{"line":41,"column":54},"end":{"line":41,"column":62}},{"start":{"line":41,"column":65},"end":{"line":41,"column":67}}],"line":41},"4":{"loc":{"start":{"line":45,"column":8},"end":{"line":45,"column":68}},"type":"cond-expr","locations":[{"start":{"line":45,"column":29},"end":{"line":45,"column":49}},{"start":{"line":45,"column":52},"end":{"line":45,"column":68}}],"line":45}},"s":{"0":1,"1":0,"2":0,"3":0,"4":0,"5":0,"6":0,"7":0,"8":0,"9":0,"10":0,"11":0,"12":0,"13":0,"14":0,"15":0,"16":0,"17":0,"18":0,"19":0,"20":0,"21":0,"22":1,"23":1,"24":1,"25":1,"26":0},"f":{"0":1,"1":0,"2":0,"3":0,"4":0,"5":0,"6":0,"7":0,"8":0,"9":1,"10":1,"11":1,"12":0},"b":{"0":[0,0],"1":[0,0],"2":[0,0],"3":[0,0],"4":[0,0]},"_coverageSchema":"332fd63041d2c1bcb487cc26dd0d5f7d97098a6c","hash":"17245065bbc3e5ba0a13fef51218ed1e2af38f41"}
,"E:\\Brayan\\React\\reactnd-project-myreads-starter\\src\\BooksAPI.js": {"path":"E:\\Brayan\\React\\reactnd-project-myreads-starter\\src\\BooksAPI.js","statementMap":{"0":{"start":{"line":2,"column":12},"end":{"line":2,"column":51}},"1":{"start":{"line":6,"column":12},"end":{"line":6,"column":30}},"2":{"start":{"line":7,"column":0},"end":{"line":8,"column":68}},"3":{"start":{"line":8,"column":2},"end":{"line":8,"column":68}},"4":{"start":{"line":10,"column":16},"end":{"line":13,"column":1}},"5":{"start":{"line":15,"column":19},"end":{"line":18,"column":28}},"6":{"start":{"line":16,"column":2},"end":{"line":18,"column":28}},"7":{"start":{"line":17,"column":17},"end":{"line":17,"column":27}},"8":{"start":{"line":18,"column":18},"end":{"line":18,"column":27}},"9":{"start":{"line":20,"column":22},"end":{"line":23,"column":29}},"10":{"start":{"line":21,"column":2},"end":{"line":23,"column":29}},"11":{"start":{"line":22,"column":17},"end":{"line":22,"column":27}},"12":{"start":{"line":23,"column":18},"end":{"line":23,"column":28}},"13":{"start":{"line":25,"column":22},"end":{"line":33,"column":28}},"14":{"start":{"line":26,"column":2},"end":{"line":33,"column":28}},"15":{"start":{"line":33,"column":17},"end":{"line":33,"column":27}},"16":{"start":{"line":35,"column":22},"end":{"line":44,"column":29}},"17":{"start":{"line":36,"column":2},"end":{"line":44,"column":29}},"18":{"start":{"line":43,"column":17},"end":{"line":43,"column":27}},"19":{"start":{"line":44,"column":18},"end":{"line":44,"column":28}}},"fnMap":{"0":{"name":"(anonymous_0)","decl":{"start":{"line":15,"column":19},"end":{"line":15,"column":20}},"loc":{"start":{"line":16,"column":2},"end":{"line":18,"column":28}},"line":16},"1":{"name":"(anonymous_1)","decl":{"start":{"line":17,"column":10},"end":{"line":17,"column":11}},"loc":{"start":{"line":17,"column":17},"end":{"line":17,"column":27}},"line":17},"2":{"name":"(anonymous_2)","decl":{"start":{"line":18,"column":10},"end":{"line":18,"column":11}},"loc":{"start":{"line":18,"column":18},"end":{"line":18,"column":27}},"line":18},"3":{"name":"(anonymous_3)","decl":{"start":{"line":20,"column":22},"end":{"line":20,"column":23}},"loc":{"start":{"line":21,"column":2},"end":{"line":23,"column":29}},"line":21},"4":{"name":"(anonymous_4)","decl":{"start":{"line":22,"column":10},"end":{"line":22,"column":11}},"loc":{"start":{"line":22,"column":17},"end":{"line":22,"column":27}},"line":22},"5":{"name":"(anonymous_5)","decl":{"start":{"line":23,"column":10},"end":{"line":23,"column":11}},"loc":{"start":{"line":23,"column":18},"end":{"line":23,"column":28}},"line":23},"6":{"name":"(anonymous_6)","decl":{"start":{"line":25,"column":22},"end":{"line":25,"column":23}},"loc":{"start":{"line":26,"column":2},"end":{"line":33,"column":28}},"line":26},"7":{"name":"(anonymous_7)","decl":{"start":{"line":33,"column":10},"end":{"line":33,"column":11}},"loc":{"start":{"line":33,"column":17},"end":{"line":33,"column":27}},"line":33},"8":{"name":"(anonymous_8)","decl":{"start":{"line":35,"column":22},"end":{"line":35,"column":23}},"loc":{"start":{"line":36,"column":2},"end":{"line":44,"column":29}},"line":36},"9":{"name":"(anonymous_9)","decl":{"start":{"line":43,"column":10},"end":{"line":43,"column":11}},"loc":{"start":{"line":43,"column":17},"end":{"line":43,"column":27}},"line":43},"10":{"name":"(anonymous_10)","decl":{"start":{"line":44,"column":10},"end":{"line":44,"column":11}},"loc":{"start":{"line":44,"column":18},"end":{"line":44,"column":28}},"line":44}},"branchMap":{"0":{"loc":{"start":{"line":7,"column":0},"end":{"line":8,"column":68}},"type":"if","locations":[{"start":{"line":7,"column":0},"end":{"line":8,"column":68}},{"start":{"line":7,"column":0},"end":{"line":8,"column":68}}],"line":7}},"s":{"0":1,"1":1,"2":1,"3":1,"4":1,"5":1,"6":0,"7":0,"8":0,"9":1,"10":1,"11":0,"12":0,"13":1,"14":0,"15":0,"16":1,"17":0,"18":0,"19":0},"f":{"0":0,"1":0,"2":0,"3":1,"4":0,"5":0,"6":0,"7":0,"8":0,"9":0,"10":0},"b":{"0":[1,0]},"_coverageSchema":"332fd63041d2c1bcb487cc26dd0d5f7d97098a6c","hash":"6be287a0d666bfda0517afe31e4e176d947cc6cf"}
,"E:\\Brayan\\React\\reactnd-project-myreads-starter\\src\\index.js": {"path":"E:\\Brayan\\React\\reactnd-project-myreads-starter\\src\\index.js","statementMap":{"0":{"start":{"line":1,"column":0},"end":{"line":null,"column":-1}},"1":{"start":{"line":2,"column":0},"end":{"line":null,"column":-1}},"2":{"start":{"line":3,"column":0},"end":{"line":null,"column":-1}},"3":{"start":{"line":4,"column":0},"end":{"line":null,"column":-1}},"4":{"start":{"line":5,"column":0},"end":{"line":null,"column":-1}},"5":{"start":{"line":7,"column":0},"end":{"line":null,"column":-1}}},"fnMap":{},"branchMap":{},"s":{"0":0,"1":0,"2":0,"3":0,"4":0,"5":0},"f":{},"b":{}}
,"E:\\Brayan\\React\\reactnd-project-myreads-starter\\src\\setupTests.js": {"path":"E:\\Brayan\\React\\reactnd-project-myreads-starter\\src\\setupTests.js","statementMap":{"0":{"start":{"line":4,"column":0},"end":{"line":4,"column":38}}},"fnMap":{},"branchMap":{},"s":{"0":5},"f":{},"b":{},"_coverageSchema":"332fd63041d2c1bcb487cc26dd0d5f7d97098a6c","hash":"d4964564db3120d72e67eb96916f77c0af31215c"}
,"E:\\Brayan\\React\\reactnd-project-myreads-starter\\src\\components\\Book.js": {"path":"E:\\Brayan\\React\\reactnd-project-myreads-starter\\src\\components\\Book.js","statementMap":{"0":{"start":{"line":13,"column":4},"end":{"line":20,"column":6}},"1":{"start":{"line":25,"column":4},"end":{"line":35,"column":6}},"2":{"start":{"line":27,"column":50},"end":{"line":27,"column":91}},"3":{"start":{"line":40,"column":4},"end":{"line":40,"column":27}},"4":{"start":{"line":41,"column":18},"end":{"line":41,"column":36}},"5":{"start":{"line":42,"column":4},"end":{"line":42,"column":46}},"6":{"start":{"line":47,"column":21},"end":{"line":47,"column":31}},"7":{"start":{"line":49,"column":4},"end":{"line":60,"column":6}},"8":{"start":{"line":57,"column":55},"end":{"line":57,"column":97}}},"fnMap":{"0":{"name":"(anonymous_0)","decl":{"start":{"line":11,"column":2},"end":{"line":11,"column":3}},"loc":{"start":{"line":11,"column":20},"end":{"line":21,"column":3}},"line":11},"1":{"name":"(anonymous_1)","decl":{"start":{"line":23,"column":2},"end":{"line":23,"column":3}},"loc":{"start":{"line":23,"column":25},"end":{"line":36,"column":3}},"line":23},"2":{"name":"(anonymous_2)","decl":{"start":{"line":27,"column":39},"end":{"line":27,"column":40}},"loc":{"start":{"line":27,"column":50},"end":{"line":27,"column":91}},"line":27},"3":{"name":"(anonymous_3)","decl":{"start":{"line":38,"column":2},"end":{"line":38,"column":3}},"loc":{"start":{"line":38,"column":39},"end":{"line":43,"column":3}},"line":38},"4":{"name":"(anonymous_4)","decl":{"start":{"line":45,"column":2},"end":{"line":45,"column":3}},"loc":{"start":{"line":45,"column":11},"end":{"line":61,"column":3}},"line":45},"5":{"name":"(anonymous_5)","decl":{"start":{"line":57,"column":45},"end":{"line":57,"column":46}},"loc":{"start":{"line":57,"column":55},"end":{"line":57,"column":97}},"line":57}},"branchMap":{"0":{"loc":{"start":{"line":52,"column":11},"end":{"line":52,"column":78}},"type":"binary-expr","locations":[{"start":{"line":52,"column":11},"end":{"line":52,"column":26}},{"start":{"line":52,"column":31},"end":{"line":52,"column":77}}],"line":52},"1":{"loc":{"start":{"line":57,"column":11},"end":{"line":57,"column":99}},"type":"binary-expr","locations":[{"start":{"line":57,"column":11},"end":{"line":57,"column":23}},{"start":{"line":57,"column":28},"end":{"line":57,"column":98}}],"line":57}},"s":{"0":8,"1":9,"2":2,"3":2,"4":2,"5":2,"6":9,"7":9,"8":8},"f":{"0":8,"1":9,"2":2,"3":2,"4":9,"5":8},"b":{"0":[9,8],"1":[9,8]},"_coverageSchema":"332fd63041d2c1bcb487cc26dd0d5f7d97098a6c","hash":"cdef967ee926c09e4baefa92a90ba1959ba88ac3"}
,"E:\\Brayan\\React\\reactnd-project-myreads-starter\\src\\components\\BookShelf.js": {"path":"E:\\Brayan\\React\\reactnd-project-myreads-starter\\src\\components\\BookShelf.js","statementMap":{"0":{"start":{"line":14,"column":29},"end":{"line":14,"column":39}},"1":{"start":{"line":16,"column":4},"end":{"line":32,"column":6}},"2":{"start":{"line":22,"column":14},"end":{"line":27,"column":19}}},"fnMap":{"0":{"name":"(anonymous_0)","decl":{"start":{"line":13,"column":2},"end":{"line":13,"column":3}},"loc":{"start":{"line":13,"column":11},"end":{"line":33,"column":3}},"line":13},"1":{"name":"(anonymous_1)","decl":{"start":{"line":21,"column":23},"end":{"line":21,"column":24}},"loc":{"start":{"line":22,"column":14},"end":{"line":27,"column":19}},"line":22}},"branchMap":{},"s":{"0":11,"1":11,"2":8},"f":{"0":11,"1":8},"b":{},"_coverageSchema":"332fd63041d2c1bcb487cc26dd0d5f7d97098a6c","hash":"29f6ee99a10f2922a7f3f0f9aae21e787edbf5ba"}
,"E:\\Brayan\\React\\reactnd-project-myreads-starter\\src\\components\\ListBooks.js": {"path":"E:\\Brayan\\React\\reactnd-project-myreads-starter\\src\\components\\ListBooks.js","statementMap":{"0":{"start":{"line":14,"column":22},"end":{"line":14,"column":32}},"1":{"start":{"line":16,"column":4},"end":{"line":24,"column":6}},"2":{"start":{"line":19,"column":124},"end":{"line":19,"column":157}},"3":{"start":{"line":20,"column":119},"end":{"line":20,"column":146}},"4":{"start":{"line":21,"column":111},"end":{"line":21,"column":132}}},"fnMap":{"0":{"name":"(anonymous_0)","decl":{"start":{"line":12,"column":2},"end":{"line":12,"column":3}},"loc":{"start":{"line":12,"column":11},"end":{"line":25,"column":3}},"line":12},"1":{"name":"(anonymous_1)","decl":{"start":{"line":19,"column":116},"end":{"line":19,"column":117}},"loc":{"start":{"line":19,"column":124},"end":{"line":19,"column":157}},"line":19},"2":{"name":"(anonymous_2)","decl":{"start":{"line":20,"column":111},"end":{"line":20,"column":112}},"loc":{"start":{"line":20,"column":119},"end":{"line":20,"column":146}},"line":20},"3":{"name":"(anonymous_3)","decl":{"start":{"line":21,"column":103},"end":{"line":21,"column":104}},"loc":{"start":{"line":21,"column":111},"end":{"line":21,"column":132}},"line":21}},"branchMap":{},"s":{"0":2,"1":2,"2":4,"3":4,"4":4},"f":{"0":2,"1":4,"2":4,"3":4},"b":{},"_coverageSchema":"332fd63041d2c1bcb487cc26dd0d5f7d97098a6c","hash":"f0fb499df6d8f80d420f091f4dbd3f3113b16669"}
,"E:\\Brayan\\React\\reactnd-project-myreads-starter\\src\\components\\SearchBooks.js": {"path":"E:\\Brayan\\React\\reactnd-project-myreads-starter\\src\\components\\SearchBooks.js","statementMap":{"0":{"start":{"line":15,"column":29},"end":{"line":15,"column":47}},"1":{"start":{"line":16,"column":23},"end":{"line":16,"column":35}},"2":{"start":{"line":17,"column":17},"end":{"line":17,"column":23}},"3":{"start":{"line":18,"column":17},"end":{"line":18,"column":23}},"4":{"start":{"line":20,"column":4},"end":{"line":27,"column":6}},"5":{"start":{"line":22,"column":28},"end":{"line":22,"column":59}},"6":{"start":{"line":22,"column":168},"end":{"line":22,"column":199}},"7":{"start":{"line":23,"column":28},"end":{"line":23,"column":53}},"8":{"start":{"line":23,"column":157},"end":{"line":23,"column":182}},"9":{"start":{"line":24,"column":28},"end":{"line":24,"column":47}},"10":{"start":{"line":24,"column":143},"end":{"line":24,"column":162}},"11":{"start":{"line":25,"column":28},"end":{"line":25,"column":47}},"12":{"start":{"line":25,"column":143},"end":{"line":25,"column":162}},"13":{"start":{"line":32,"column":4},"end":{"line":34,"column":6}},"14":{"start":{"line":38,"column":4},"end":{"line":38,"column":27}},"15":{"start":{"line":40,"column":4},"end":{"line":40,"column":44}},"16":{"start":{"line":44,"column":22},"end":{"line":44,"column":32}},"17":{"start":{"line":46,"column":4},"end":{"line":67,"column":6}},"18":{"start":{"line":58,"column":28},"end":{"line":58,"column":50}},"19":{"start":{"line":59,"column":35},"end":{"line":59,"column":58}}},"fnMap":{"0":{"name":"(anonymous_0)","decl":{"start":{"line":14,"column":2},"end":{"line":14,"column":3}},"loc":{"start":{"line":14,"column":43},"end":{"line":28,"column":3}},"line":14},"1":{"name":"(anonymous_1)","decl":{"start":{"line":22,"column":20},"end":{"line":22,"column":21}},"loc":{"start":{"line":22,"column":28},"end":{"line":22,"column":59}},"line":22},"2":{"name":"(anonymous_2)","decl":{"start":{"line":22,"column":160},"end":{"line":22,"column":161}},"loc":{"start":{"line":22,"column":168},"end":{"line":22,"column":199}},"line":22},"3":{"name":"(anonymous_3)","decl":{"start":{"line":23,"column":20},"end":{"line":23,"column":21}},"loc":{"start":{"line":23,"column":28},"end":{"line":23,"column":53}},"line":23},"4":{"name":"(anonymous_4)","decl":{"start":{"line":23,"column":149},"end":{"line":23,"column":150}},"loc":{"start":{"line":23,"column":157},"end":{"line":23,"column":182}},"line":23},"5":{"name":"(anonymous_5)","decl":{"start":{"line":24,"column":20},"end":{"line":24,"column":21}},"loc":{"start":{"line":24,"column":28},"end":{"line":24,"column":47}},"line":24},"6":{"name":"(anonymous_6)","decl":{"start":{"line":24,"column":135},"end":{"line":24,"column":136}},"loc":{"start":{"line":24,"column":143},"end":{"line":24,"column":162}},"line":24},"7":{"name":"(anonymous_7)","decl":{"start":{"line":25,"column":20},"end":{"line":25,"column":21}},"loc":{"start":{"line":25,"column":28},"end":{"line":25,"column":47}},"line":25},"8":{"name":"(anonymous_8)","decl":{"start":{"line":25,"column":135},"end":{"line":25,"column":136}},"loc":{"start":{"line":25,"column":143},"end":{"line":25,"column":162}},"line":25},"9":{"name":"(anonymous_9)","decl":{"start":{"line":30,"column":2},"end":{"line":30,"column":3}},"loc":{"start":{"line":30,"column":20},"end":{"line":35,"column":3}},"line":30},"10":{"name":"(anonymous_10)","decl":{"start":{"line":37,"column":2},"end":{"line":37,"column":3}},"loc":{"start":{"line":37,"column":21},"end":{"line":41,"column":3}},"line":37},"11":{"name":"(anonymous_11)","decl":{"start":{"line":43,"column":2},"end":{"line":43,"column":3}},"loc":{"start":{"line":43,"column":11},"end":{"line":68,"column":3}},"line":43},"12":{"name":"(anonymous_12)","decl":{"start":{"line":58,"column":19},"end":{"line":58,"column":20}},"loc":{"start":{"line":58,"column":28},"end":{"line":58,"column":50}},"line":58},"13":{"name":"(anonymous_13)","decl":{"start":{"line":59,"column":24},"end":{"line":59,"column":25}},"loc":{"start":{"line":59,"column":35},"end":{"line":59,"column":58}},"line":59}},"branchMap":{"0":{"loc":{"start":{"line":22,"column":9},"end":{"line":22,"column":205}},"type":"binary-expr","locations":[{"start":{"line":22,"column":9},"end":{"line":22,"column":60}},{"start":{"line":22,"column":65},"end":{"line":22,"column":204}}],"line":22},"1":{"loc":{"start":{"line":23,"column":9},"end":{"line":23,"column":188}},"type":"binary-expr","locations":[{"start":{"line":23,"column":9},"end":{"line":23,"column":54}},{"start":{"line":23,"column":59},"end":{"line":23,"column":187}}],"line":23},"2":{"loc":{"start":{"line":24,"column":9},"end":{"line":24,"column":168}},"type":"binary-expr","locations":[{"start":{"line":24,"column":9},"end":{"line":24,"column":48}},{"start":{"line":24,"column":53},"end":{"line":24,"column":167}}],"line":24},"3":{"loc":{"start":{"line":25,"column":9},"end":{"line":25,"column":168}},"type":"binary-expr","locations":[{"start":{"line":25,"column":9},"end":{"line":25,"column":48}},{"start":{"line":25,"column":53},"end":{"line":25,"column":167}}],"line":25},"4":{"loc":{"start":{"line":58,"column":28},"end":{"line":58,"column":50}},"type":"binary-expr","locations":[{"start":{"line":58,"column":28},"end":{"line":58,"column":33}},{"start":{"line":58,"column":37},"end":{"line":58,"column":50}}],"line":58}},"s":{"0":1,"1":1,"2":1,"3":1,"4":1,"5":2,"6":4,"7":3,"8":4,"9":1,"10":4,"11":4,"12":4,"13":1,"14":1,"15":1,"16":1,"17":1,"18":1,"19":1},"f":{"0":1,"1":2,"2":4,"3":3,"4":4,"5":1,"6":4,"7":4,"8":4,"9":1,"10":1,"11":1,"12":1,"13":1},"b":{"0":[1,1],"1":[1,1],"2":[1,1],"3":[1,1],"4":[1,1]},"_coverageSchema":"332fd63041d2c1bcb487cc26dd0d5f7d97098a6c","hash":"9fdddfb9e03439fbedf45613addf556f553d4ea2"}
}
