{"E:\\Brayan\\React\\reactnd-project-myreads-starter\\src\\App.js": {"path":"E:\\Brayan\\React\\reactnd-project-myreads-starter\\src\\App.js","statementMap":{"0":{"start":{"line":9,"column":12},"end":{"line":9,"column":16960}},"1":{"start":{"line":18,"column":18},"end":{"line":18,"column":34}},"2":{"start":{"line":19,"column":22},"end":{"line":19,"column":65}},"3":{"start":{"line":19,"column":46},"end":{"line":19,"column":64}},"4":{"start":{"line":21,"column":4},"end":{"line":24,"column":5}},"5":{"start":{"line":22,"column":6},"end":{"line":22,"column":37}},"6":{"start":{"line":23,"column":6},"end":{"line":23,"column":38}},"7":{"start":{"line":28,"column":22},"end":{"line":28,"column":32}},"8":{"start":{"line":30,"column":4},"end":{"line":55,"column":6}},"9":{"start":{"line":33,"column":10},"end":{"line":44,"column":16}},"10":{"start":{"line":49,"column":12},"end":{"line":51,"column":59}}},"fnMap":{"0":{"name":"(anonymous_0)","decl":{"start":{"line":17,"column":22},"end":{"line":17,"column":23}},"loc":{"start":{"line":17,"column":41},"end":{"line":25,"column":3}},"line":17},"1":{"name":"(anonymous_1)","decl":{"start":{"line":19,"column":38},"end":{"line":19,"column":39}},"loc":{"start":{"line":19,"column":46},"end":{"line":19,"column":64}},"line":19},"2":{"name":"(anonymous_2)","decl":{"start":{"line":27,"column":2},"end":{"line":27,"column":3}},"loc":{"start":{"line":27,"column":11},"end":{"line":56,"column":3}},"line":27},"3":{"name":"(anonymous_3)","decl":{"start":{"line":32,"column":38},"end":{"line":32,"column":39}},"loc":{"start":{"line":33,"column":10},"end":{"line":44,"column":16}},"line":33},"4":{"name":"(anonymous_4)","decl":{"start":{"line":48,"column":18},"end":{"line":48,"column":19}},"loc":{"start":{"line":49,"column":12},"end":{"line":51,"column":59}},"line":49}},"branchMap":{"0":{"loc":{"start":{"line":21,"column":4},"end":{"line":24,"column":5}},"type":"if","locations":[{"start":{"line":21,"column":4},"end":{"line":24,"column":5}},{"start":{"line":21,"column":4},"end":{"line":24,"column":5}}],"line":21}},"s":{"0":1,"1":0,"2":0,"3":0,"4":0,"5":0,"6":0,"7":1,"8":1,"9":0,"10":0},"f":{"0":0,"1":0,"2":1,"3":0,"4":0},"b":{"0":[0,0]},"_coverageSchema":"332fd63041d2c1bcb487cc26dd0d5f7d97098a6c","hash":"7afa665e9f2632e95baf13894b896b1e028d7690"}
,"E:\\Brayan\\React\\reactnd-project-myreads-starter\\src\\Book.js": {"path":"E:\\Brayan\\React\\reactnd-project-myreads-starter\\src\\Book.js","statementMap":{"0":{"start":{"line":13,"column":4},"end":{"line":20,"column":6}},"1":{"start":{"line":25,"column":4},"end":{"line":35,"column":6}},"2":{"start":{"line":27,"column":49},"end":{"line":27,"column":84}},"3":{"start":{"line":42,"column":19},"end":{"line":42,"column":34}},"4":{"start":{"line":43,"column":18},"end":{"line":43,"column":36}},"5":{"start":{"line":45,"column":4},"end":{"line":45,"column":48}},"6":{"start":{"line":50,"column":19},"end":{"line":50,"column":70}},"7":{"start":{"line":52,"column":4},"end":{"line":57,"column":5}},"8":{"start":{"line":53,"column":6},"end":{"line":56,"column":7}},"9":{"start":{"line":54,"column":8},"end":{"line":54,"column":47}},"10":{"start":{"line":55,"column":8},"end":{"line":55,"column":14}},"11":{"start":{"line":62,"column":17},"end":{"line":62,"column":32}},"12":{"start":{"line":64,"column":4},"end":{"line":75,"column":6}},"13":{"start":{"line":72,"column":38},"end":{"line":72,"column":80}}},"fnMap":{"0":{"name":"(anonymous_0)","decl":{"start":{"line":11,"column":2},"end":{"line":11,"column":3}},"loc":{"start":{"line":11,"column":20},"end":{"line":21,"column":3}},"line":11},"1":{"name":"(anonymous_1)","decl":{"start":{"line":23,"column":2},"end":{"line":23,"column":3}},"loc":{"start":{"line":23,"column":27},"end":{"line":36,"column":3}},"line":23},"2":{"name":"(anonymous_2)","decl":{"start":{"line":27,"column":38},"end":{"line":27,"column":39}},"loc":{"start":{"line":27,"column":49},"end":{"line":27,"column":84}},"line":27},"3":{"name":"(anonymous_3)","decl":{"start":{"line":38,"column":2},"end":{"line":38,"column":3}},"loc":{"start":{"line":38,"column":33},"end":{"line":46,"column":3}},"line":38},"4":{"name":"(anonymous_4)","decl":{"start":{"line":48,"column":2},"end":{"line":48,"column":3}},"loc":{"start":{"line":48,"column":22},"end":{"line":58,"column":3}},"line":48},"5":{"name":"(anonymous_5)","decl":{"start":{"line":60,"column":2},"end":{"line":60,"column":3}},"loc":{"start":{"line":60,"column":11},"end":{"line":76,"column":3}},"line":60},"6":{"name":"(anonymous_6)","decl":{"start":{"line":72,"column":28},"end":{"line":72,"column":29}},"loc":{"start":{"line":72,"column":38},"end":{"line":72,"column":80}},"line":72}},"branchMap":{"0":{"loc":{"start":{"line":53,"column":6},"end":{"line":56,"column":7}},"type":"if","locations":[{"start":{"line":53,"column":6},"end":{"line":56,"column":7}},{"start":{"line":53,"column":6},"end":{"line":56,"column":7}}],"line":53}},"s":{"0":0,"1":0,"2":0,"3":0,"4":0,"5":0,"6":0,"7":0,"8":0,"9":0,"10":0,"11":0,"12":0,"13":0},"f":{"0":0,"1":0,"2":0,"3":0,"4":0,"5":0,"6":0},"b":{"0":[0,0]},"_coverageSchema":"332fd63041d2c1bcb487cc26dd0d5f7d97098a6c","hash":"52c226078b4b1ba006149986cebdd510959a5363"}
,"E:\\Brayan\\React\\reactnd-project-myreads-starter\\src\\BookShelf.js": {"path":"E:\\Brayan\\React\\reactnd-project-myreads-starter\\src\\BookShelf.js","statementMap":{"0":{"start":{"line":14,"column":29},"end":{"line":14,"column":39}},"1":{"start":{"line":16,"column":4},"end":{"line":32,"column":6}},"2":{"start":{"line":22,"column":14},"end":{"line":27,"column":19}}},"fnMap":{"0":{"name":"(anonymous_0)","decl":{"start":{"line":13,"column":2},"end":{"line":13,"column":3}},"loc":{"start":{"line":13,"column":11},"end":{"line":33,"column":3}},"line":13},"1":{"name":"(anonymous_1)","decl":{"start":{"line":21,"column":23},"end":{"line":21,"column":24}},"loc":{"start":{"line":22,"column":14},"end":{"line":27,"column":19}},"line":22}},"branchMap":{},"s":{"0":1,"1":1,"2":1},"f":{"0":1,"1":1},"b":{},"_coverageSchema":"332fd63041d2c1bcb487cc26dd0d5f7d97098a6c","hash":"099505070078be2c717c0714e4d76156d27ca030"}
,"E:\\Brayan\\React\\reactnd-project-myreads-starter\\src\\BooksAPI.js": {"path":"E:\\Brayan\\React\\reactnd-project-myreads-starter\\src\\BooksAPI.js","statementMap":{"0":{"start":{"line":2,"column":12},"end":{"line":2,"column":51}},"1":{"start":{"line":6,"column":12},"end":{"line":6,"column":30}},"2":{"start":{"line":7,"column":0},"end":{"line":8,"column":68}},"3":{"start":{"line":8,"column":2},"end":{"line":8,"column":68}},"4":{"start":{"line":10,"column":16},"end":{"line":13,"column":1}},"5":{"start":{"line":15,"column":19},"end":{"line":18,"column":28}},"6":{"start":{"line":16,"column":2},"end":{"line":18,"column":28}},"7":{"start":{"line":17,"column":17},"end":{"line":17,"column":27}},"8":{"start":{"line":18,"column":18},"end":{"line":18,"column":27}},"9":{"start":{"line":20,"column":22},"end":{"line":23,"column":29}},"10":{"start":{"line":21,"column":2},"end":{"line":23,"column":29}},"11":{"start":{"line":22,"column":17},"end":{"line":22,"column":27}},"12":{"start":{"line":23,"column":18},"end":{"line":23,"column":28}},"13":{"start":{"line":25,"column":22},"end":{"line":33,"column":28}},"14":{"start":{"line":26,"column":2},"end":{"line":33,"column":28}},"15":{"start":{"line":33,"column":17},"end":{"line":33,"column":27}},"16":{"start":{"line":35,"column":22},"end":{"line":44,"column":29}},"17":{"start":{"line":36,"column":2},"end":{"line":44,"column":29}},"18":{"start":{"line":43,"column":17},"end":{"line":43,"column":27}},"19":{"start":{"line":44,"column":18},"end":{"line":44,"column":28}}},"fnMap":{"0":{"name":"(anonymous_0)","decl":{"start":{"line":15,"column":19},"end":{"line":15,"column":20}},"loc":{"start":{"line":16,"column":2},"end":{"line":18,"column":28}},"line":16},"1":{"name":"(anonymous_1)","decl":{"start":{"line":17,"column":10},"end":{"line":17,"column":11}},"loc":{"start":{"line":17,"column":17},"end":{"line":17,"column":27}},"line":17},"2":{"name":"(anonymous_2)","decl":{"start":{"line":18,"column":10},"end":{"line":18,"column":11}},"loc":{"start":{"line":18,"column":18},"end":{"line":18,"column":27}},"line":18},"3":{"name":"(anonymous_3)","decl":{"start":{"line":20,"column":22},"end":{"line":20,"column":23}},"loc":{"start":{"line":21,"column":2},"end":{"line":23,"column":29}},"line":21},"4":{"name":"(anonymous_4)","decl":{"start":{"line":22,"column":10},"end":{"line":22,"column":11}},"loc":{"start":{"line":22,"column":17},"end":{"line":22,"column":27}},"line":22},"5":{"name":"(anonymous_5)","decl":{"start":{"line":23,"column":10},"end":{"line":23,"column":11}},"loc":{"start":{"line":23,"column":18},"end":{"line":23,"column":28}},"line":23},"6":{"name":"(anonymous_6)","decl":{"start":{"line":25,"column":22},"end":{"line":25,"column":23}},"loc":{"start":{"line":26,"column":2},"end":{"line":33,"column":28}},"line":26},"7":{"name":"(anonymous_7)","decl":{"start":{"line":33,"column":10},"end":{"line":33,"column":11}},"loc":{"start":{"line":33,"column":17},"end":{"line":33,"column":27}},"line":33},"8":{"name":"(anonymous_8)","decl":{"start":{"line":35,"column":22},"end":{"line":35,"column":23}},"loc":{"start":{"line":36,"column":2},"end":{"line":44,"column":29}},"line":36},"9":{"name":"(anonymous_9)","decl":{"start":{"line":43,"column":10},"end":{"line":43,"column":11}},"loc":{"start":{"line":43,"column":17},"end":{"line":43,"column":27}},"line":43},"10":{"name":"(anonymous_10)","decl":{"start":{"line":44,"column":10},"end":{"line":44,"column":11}},"loc":{"start":{"line":44,"column":18},"end":{"line":44,"column":28}},"line":44}},"branchMap":{"0":{"loc":{"start":{"line":7,"column":0},"end":{"line":8,"column":68}},"type":"if","locations":[{"start":{"line":7,"column":0},"end":{"line":8,"column":68}},{"start":{"line":7,"column":0},"end":{"line":8,"column":68}}],"line":7}},"s":{"0":1,"1":1,"2":1,"3":1,"4":1,"5":1,"6":0,"7":0,"8":0,"9":1,"10":0,"11":0,"12":0,"13":1,"14":0,"15":0,"16":1,"17":0,"18":0,"19":0},"f":{"0":0,"1":0,"2":0,"3":0,"4":0,"5":0,"6":0,"7":0,"8":0,"9":0,"10":0},"b":{"0":[1,0]},"_coverageSchema":"332fd63041d2c1bcb487cc26dd0d5f7d97098a6c","hash":"6be287a0d666bfda0517afe31e4e176d947cc6cf"}
,"E:\\Brayan\\React\\reactnd-project-myreads-starter\\src\\ListBooks.js": {"path":"E:\\Brayan\\React\\reactnd-project-myreads-starter\\src\\ListBooks.js","statementMap":{"0":{"start":{"line":14,"column":22},"end":{"line":14,"column":32}},"1":{"start":{"line":16,"column":4},"end":{"line":24,"column":6}},"2":{"start":{"line":19,"column":124},"end":{"line":19,"column":157}},"3":{"start":{"line":20,"column":119},"end":{"line":20,"column":146}},"4":{"start":{"line":21,"column":111},"end":{"line":21,"column":132}}},"fnMap":{"0":{"name":"(anonymous_0)","decl":{"start":{"line":12,"column":2},"end":{"line":12,"column":3}},"loc":{"start":{"line":12,"column":11},"end":{"line":25,"column":3}},"line":12},"1":{"name":"(anonymous_1)","decl":{"start":{"line":19,"column":116},"end":{"line":19,"column":117}},"loc":{"start":{"line":19,"column":124},"end":{"line":19,"column":157}},"line":19},"2":{"name":"(anonymous_2)","decl":{"start":{"line":20,"column":111},"end":{"line":20,"column":112}},"loc":{"start":{"line":20,"column":119},"end":{"line":20,"column":146}},"line":20},"3":{"name":"(anonymous_3)","decl":{"start":{"line":21,"column":103},"end":{"line":21,"column":104}},"loc":{"start":{"line":21,"column":111},"end":{"line":21,"column":132}},"line":21}},"branchMap":{},"s":{"0":0,"1":0,"2":0,"3":0,"4":0},"f":{"0":0,"1":0,"2":0,"3":0},"b":{},"_coverageSchema":"332fd63041d2c1bcb487cc26dd0d5f7d97098a6c","hash":"be4ef4ee129456bad17fdb582f94c1dba9ae289f"}
,"E:\\Brayan\\React\\reactnd-project-myreads-starter\\src\\SearchBooks.js": {"path":"E:\\Brayan\\React\\reactnd-project-myreads-starter\\src\\SearchBooks.js","statementMap":{"0":{"start":{"line":19,"column":4},"end":{"line":26,"column":6}},"1":{"start":{"line":21,"column":111},"end":{"line":21,"column":144}},"2":{"start":{"line":22,"column":106},"end":{"line":22,"column":133}},"3":{"start":{"line":23,"column":98},"end":{"line":23,"column":119}},"4":{"start":{"line":24,"column":98},"end":{"line":24,"column":119}},"5":{"start":{"line":31,"column":4},"end":{"line":33,"column":6}},"6":{"start":{"line":37,"column":4},"end":{"line":37,"column":27}},"7":{"start":{"line":39,"column":4},"end":{"line":39,"column":49}},"8":{"start":{"line":43,"column":22},"end":{"line":43,"column":32}},"9":{"start":{"line":44,"column":22},"end":{"line":44,"column":32}},"10":{"start":{"line":45,"column":25},"end":{"line":45,"column":123}},"11":{"start":{"line":45,"column":68},"end":{"line":45,"column":122}},"12":{"start":{"line":47,"column":4},"end":{"line":75,"column":6}},"13":{"start":{"line":65,"column":28},"end":{"line":65,"column":50}},"14":{"start":{"line":66,"column":35},"end":{"line":66,"column":58}}},"fnMap":{"0":{"name":"(anonymous_0)","decl":{"start":{"line":17,"column":2},"end":{"line":17,"column":3}},"loc":{"start":{"line":17,"column":43},"end":{"line":27,"column":3}},"line":17},"1":{"name":"(anonymous_1)","decl":{"start":{"line":21,"column":103},"end":{"line":21,"column":104}},"loc":{"start":{"line":21,"column":111},"end":{"line":21,"column":144}},"line":21},"2":{"name":"(anonymous_2)","decl":{"start":{"line":22,"column":98},"end":{"line":22,"column":99}},"loc":{"start":{"line":22,"column":106},"end":{"line":22,"column":133}},"line":22},"3":{"name":"(anonymous_3)","decl":{"start":{"line":23,"column":90},"end":{"line":23,"column":91}},"loc":{"start":{"line":23,"column":98},"end":{"line":23,"column":119}},"line":23},"4":{"name":"(anonymous_4)","decl":{"start":{"line":24,"column":90},"end":{"line":24,"column":91}},"loc":{"start":{"line":24,"column":98},"end":{"line":24,"column":119}},"line":24},"5":{"name":"(anonymous_5)","decl":{"start":{"line":29,"column":2},"end":{"line":29,"column":3}},"loc":{"start":{"line":29,"column":20},"end":{"line":34,"column":3}},"line":29},"6":{"name":"(anonymous_6)","decl":{"start":{"line":36,"column":2},"end":{"line":36,"column":3}},"loc":{"start":{"line":36,"column":21},"end":{"line":40,"column":3}},"line":36},"7":{"name":"(anonymous_7)","decl":{"start":{"line":42,"column":2},"end":{"line":42,"column":3}},"loc":{"start":{"line":42,"column":11},"end":{"line":76,"column":3}},"line":42},"8":{"name":"(anonymous_8)","decl":{"start":{"line":45,"column":60},"end":{"line":45,"column":61}},"loc":{"start":{"line":45,"column":68},"end":{"line":45,"column":122}},"line":45},"9":{"name":"(anonymous_9)","decl":{"start":{"line":65,"column":19},"end":{"line":65,"column":20}},"loc":{"start":{"line":65,"column":28},"end":{"line":65,"column":50}},"line":65},"10":{"name":"(anonymous_10)","decl":{"start":{"line":66,"column":24},"end":{"line":66,"column":25}},"loc":{"start":{"line":66,"column":35},"end":{"line":66,"column":58}},"line":66}},"branchMap":{"0":{"loc":{"start":{"line":45,"column":25},"end":{"line":45,"column":123}},"type":"cond-expr","locations":[{"start":{"line":45,"column":40},"end":{"line":45,"column":44}},{"start":{"line":45,"column":47},"end":{"line":45,"column":123}}],"line":45},"1":{"loc":{"start":{"line":65,"column":28},"end":{"line":65,"column":50}},"type":"binary-expr","locations":[{"start":{"line":65,"column":28},"end":{"line":65,"column":33}},{"start":{"line":65,"column":37},"end":{"line":65,"column":50}}],"line":65},"2":{"loc":{"start":{"line":73,"column":9},"end":{"line":73,"column":56}},"type":"binary-expr","locations":[{"start":{"line":73,"column":9},"end":{"line":73,"column":21}},{"start":{"line":73,"column":26},"end":{"line":73,"column":55}}],"line":73}},"s":{"0":0,"1":0,"2":0,"3":0,"4":0,"5":0,"6":0,"7":0,"8":0,"9":0,"10":0,"11":0,"12":0,"13":0,"14":0},"f":{"0":0,"1":0,"2":0,"3":0,"4":0,"5":0,"6":0,"7":0,"8":0,"9":0,"10":0},"b":{"0":[0,0],"1":[0,0],"2":[0,0]},"_coverageSchema":"332fd63041d2c1bcb487cc26dd0d5f7d97098a6c","hash":"1cb3aca8342dd5069fe7284f128252a14f93caf0"}
,"E:\\Brayan\\React\\reactnd-project-myreads-starter\\src\\index.js": {"path":"E:\\Brayan\\React\\reactnd-project-myreads-starter\\src\\index.js","statementMap":{"0":{"start":{"line":1,"column":0},"end":{"line":null,"column":-1}},"1":{"start":{"line":2,"column":0},"end":{"line":null,"column":-1}},"2":{"start":{"line":3,"column":0},"end":{"line":null,"column":-1}},"3":{"start":{"line":4,"column":0},"end":{"line":null,"column":-1}},"4":{"start":{"line":5,"column":0},"end":{"line":null,"column":-1}},"5":{"start":{"line":7,"column":0},"end":{"line":null,"column":-1}}},"fnMap":{},"branchMap":{},"s":{"0":0,"1":0,"2":0,"3":0,"4":0,"5":0},"f":{},"b":{}}
,"E:\\Brayan\\React\\reactnd-project-myreads-starter\\src\\setupTests.js": {"path":"E:\\Brayan\\React\\reactnd-project-myreads-starter\\src\\setupTests.js","statementMap":{"0":{"start":{"line":4,"column":0},"end":{"line":13,"column":1}},"1":{"start":{"line":5,"column":2},"end":{"line":12,"column":5}},"2":{"start":{"line":5,"column":32},"end":{"line":12,"column":3}},"3":{"start":{"line":15,"column":0},"end":{"line":15,"column":38}}},"fnMap":{"0":{"name":"(anonymous_0)","decl":{"start":{"line":5,"column":25},"end":{"line":5,"column":26}},"loc":{"start":{"line":5,"column":32},"end":{"line":12,"column":3}},"line":5},"1":{"name":"(anonymous_1)","decl":{"start":{"line":6,"column":14},"end":{"line":6,"column":15}},"loc":{"start":{"line":6,"column":20},"end":{"line":6,"column":23}},"line":6},"2":{"name":"(anonymous_2)","decl":{"start":{"line":7,"column":12},"end":{"line":7,"column":13}},"loc":{"start":{"line":7,"column":18},"end":{"line":7,"column":21}},"line":7}},"branchMap":{"0":{"loc":{"start":{"line":4,"column":0},"end":{"line":13,"column":1}},"type":"if","locations":[{"start":{"line":4,"column":0},"end":{"line":13,"column":1}},{"start":{"line":4,"column":0},"end":{"line":13,"column":1}}],"line":4}},"s":{"0":2,"1":2,"2":0,"3":2},"f":{"0":0,"1":0,"2":0},"b":{"0":[2,0]},"_coverageSchema":"332fd63041d2c1bcb487cc26dd0d5f7d97098a6c","hash":"b251101ec2b1b7d4523d6619c20913c9f71aae49"}
}
