TN:
SF:E:\Brayan\React\reactnd-project-myreads-starter\src\App.js
FN:17,(anonymous_0)
FN:19,(anonymous_1)
FN:27,(anonymous_2)
FN:32,(anonymous_3)
FN:48,(anonymous_4)
FNF:5
FNH:1
FNDA:0,(anonymous_0)
FNDA:0,(anonymous_1)
FNDA:1,(anonymous_2)
FNDA:0,(anonymous_3)
FNDA:0,(anonymous_4)
DA:9,1
DA:18,0
DA:19,0
DA:21,0
DA:22,0
DA:23,0
DA:28,1
DA:30,1
DA:33,0
DA:49,0
LF:10
LH:3
BRDA:21,0,0,0
BRDA:21,0,1,0
BRF:2
BRH:0
end_of_record
TN:
SF:E:\Brayan\React\reactnd-project-myreads-starter\src\Book.js
FN:11,(anonymous_0)
FN:23,(anonymous_1)
FN:27,(anonymous_2)
FN:38,(anonymous_3)
FN:48,(anonymous_4)
FN:60,(anonymous_5)
FN:72,(anonymous_6)
FNF:7
FNH:0
FNDA:0,(anonymous_0)
FNDA:0,(anonymous_1)
FNDA:0,(anonymous_2)
FNDA:0,(anonymous_3)
FNDA:0,(anonymous_4)
FNDA:0,(anonymous_5)
FNDA:0,(anonymous_6)
DA:13,0
DA:25,0
DA:27,0
DA:42,0
DA:43,0
DA:45,0
DA:50,0
DA:52,0
DA:53,0
DA:54,0
DA:55,0
DA:62,0
DA:64,0
DA:72,0
LF:14
LH:0
BRDA:53,0,0,0
BRDA:53,0,1,0
BRF:2
BRH:0
end_of_record
TN:
SF:E:\Brayan\React\reactnd-project-myreads-starter\src\BookShelf.js
FN:13,(anonymous_0)
FN:21,(anonymous_1)
FNF:2
FNH:2
FNDA:1,(anonymous_0)
FNDA:1,(anonymous_1)
DA:14,1
DA:16,1
DA:22,1
LF:3
LH:3
BRF:0
BRH:0
end_of_record
TN:
SF:E:\Brayan\React\reactnd-project-myreads-starter\src\BooksAPI.js
FN:15,(anonymous_0)
FN:17,(anonymous_1)
FN:18,(anonymous_2)
FN:20,(anonymous_3)
FN:22,(anonymous_4)
FN:23,(anonymous_5)
FN:25,(anonymous_6)
FN:33,(anonymous_7)
FN:35,(anonymous_8)
FN:43,(anonymous_9)
FN:44,(anonymous_10)
FNF:11
FNH:0
FNDA:0,(anonymous_0)
FNDA:0,(anonymous_1)
FNDA:0,(anonymous_2)
FNDA:0,(anonymous_3)
FNDA:0,(anonymous_4)
FNDA:0,(anonymous_5)
FNDA:0,(anonymous_6)
FNDA:0,(anonymous_7)
FNDA:0,(anonymous_8)
FNDA:0,(anonymous_9)
FNDA:0,(anonymous_10)
DA:2,1
DA:6,1
DA:7,1
DA:8,1
DA:10,1
DA:15,1
DA:16,0
DA:17,0
DA:18,0
DA:20,1
DA:21,0
DA:22,0
DA:23,0
DA:25,1
DA:26,0
DA:33,0
DA:35,1
DA:36,0
DA:43,0
DA:44,0
LF:20
LH:9
BRDA:7,0,0,1
BRDA:7,0,1,0
BRF:2
BRH:1
end_of_record
TN:
SF:E:\Brayan\React\reactnd-project-myreads-starter\src\ListBooks.js
FN:12,(anonymous_0)
FN:19,(anonymous_1)
FN:20,(anonymous_2)
FN:21,(anonymous_3)
FNF:4
FNH:0
FNDA:0,(anonymous_0)
FNDA:0,(anonymous_1)
FNDA:0,(anonymous_2)
FNDA:0,(anonymous_3)
DA:14,0
DA:16,0
DA:19,0
DA:20,0
DA:21,0
LF:5
LH:0
BRF:0
BRH:0
end_of_record
TN:
SF:E:\Brayan\React\reactnd-project-myreads-starter\src\SearchBooks.js
FN:17,(anonymous_0)
FN:21,(anonymous_1)
FN:22,(anonymous_2)
FN:23,(anonymous_3)
FN:24,(anonymous_4)
FN:29,(anonymous_5)
FN:36,(anonymous_6)
FN:42,(anonymous_7)
FN:45,(anonymous_8)
FN:65,(anonymous_9)
FN:66,(anonymous_10)
FNF:11
FNH:0
FNDA:0,(anonymous_0)
FNDA:0,(anonymous_1)
FNDA:0,(anonymous_2)
FNDA:0,(anonymous_3)
FNDA:0,(anonymous_4)
FNDA:0,(anonymous_5)
FNDA:0,(anonymous_6)
FNDA:0,(anonymous_7)
FNDA:0,(anonymous_8)
FNDA:0,(anonymous_9)
FNDA:0,(anonymous_10)
DA:19,0
DA:21,0
DA:22,0
DA:23,0
DA:24,0
DA:31,0
DA:37,0
DA:39,0
DA:43,0
DA:44,0
DA:45,0
DA:47,0
DA:65,0
DA:66,0
LF:14
LH:0
BRDA:45,0,0,0
BRDA:45,0,1,0
BRDA:65,1,0,0
BRDA:65,1,1,0
BRDA:73,2,0,0
BRDA:73,2,1,0
BRF:6
BRH:0
end_of_record
TN:
SF:E:\Brayan\React\reactnd-project-myreads-starter\src\index.js
FNF:0
FNH:0
DA:1,0
DA:2,0
DA:3,0
DA:4,0
DA:5,0
DA:7,0
LF:6
LH:0
BRF:0
BRH:0
end_of_record
TN:
SF:E:\Brayan\React\reactnd-project-myreads-starter\src\setupTests.js
FN:5,(anonymous_0)
FN:6,(anonymous_1)
FN:7,(anonymous_2)
FNF:3
FNH:0
FNDA:0,(anonymous_0)
FNDA:0,(anonymous_1)
FNDA:0,(anonymous_2)
DA:4,2
DA:5,2
DA:15,2
LF:3
LH:3
BRDA:4,0,0,2
BRDA:4,0,1,0
BRF:2
BRH:1
end_of_record
