TN:
SF:E:\Brayan\React\reactnd-project-myreads-starter\src\App.js
FN:15,(anonymous_0)
FN:20,(anonymous_1)
FN:25,(anonymous_2)
FN:26,(anonymous_3)
FN:29,(anonymous_4)
FN:31,(anonymous_5)
FN:37,(anonymous_6)
FN:43,(anonymous_7)
FN:44,(anonymous_8)
FN:55,(anonymous_9)
FN:59,(anonymous_10)
FN:64,(anonymous_11)
FN:81,(anonymous_12)
FNF:13
FNH:4
FNDA:1,(anonymous_0)
FNDA:0,(anonymous_1)
FNDA:0,(anonymous_2)
FNDA:0,(anonymous_3)
FNDA:0,(anonymous_4)
FNDA:0,(anonymous_5)
FNDA:0,(anonymous_6)
FNDA:0,(anonymous_7)
FNDA:0,(anonymous_8)
FNDA:1,(anonymous_9)
FNDA:1,(anonymous_10)
FNDA:1,(anonymous_11)
FNDA:0,(anonymous_12)
DA:16,1
DA:17,0
DA:21,0
DA:22,0
DA:24,0
DA:25,0
DA:26,0
DA:29,0
DA:30,0
DA:31,0
DA:38,0
DA:39,0
DA:40,0
DA:41,0
DA:43,0
DA:44,0
DA:45,0
DA:46,0
DA:50,0
DA:56,1
DA:60,1
DA:62,1
DA:65,1
DA:82,0
LF:24
LH:5
BRDA:25,0,0,0
BRDA:25,0,1,0
BRDA:39,1,0,0
BRDA:39,1,1,0
BRDA:39,2,0,0
BRDA:39,2,1,0
BRDA:41,3,0,0
BRDA:41,3,1,0
BRDA:45,4,0,0
BRDA:45,4,1,0
BRF:10
BRH:0
end_of_record
TN:
SF:E:\Brayan\React\reactnd-project-myreads-starter\src\BooksAPI.js
FN:15,(anonymous_0)
FN:17,(anonymous_1)
FN:18,(anonymous_2)
FN:20,(anonymous_3)
FN:22,(anonymous_4)
FN:23,(anonymous_5)
FN:25,(anonymous_6)
FN:33,(anonymous_7)
FN:35,(anonymous_8)
FN:43,(anonymous_9)
FN:44,(anonymous_10)
FNF:11
FNH:1
FNDA:0,(anonymous_0)
FNDA:0,(anonymous_1)
FNDA:0,(anonymous_2)
FNDA:1,(anonymous_3)
FNDA:0,(anonymous_4)
FNDA:0,(anonymous_5)
FNDA:0,(anonymous_6)
FNDA:0,(anonymous_7)
FNDA:0,(anonymous_8)
FNDA:0,(anonymous_9)
FNDA:0,(anonymous_10)
DA:2,1
DA:6,1
DA:7,1
DA:8,1
DA:10,1
DA:15,1
DA:16,0
DA:17,0
DA:18,0
DA:20,1
DA:21,1
DA:22,0
DA:23,0
DA:25,1
DA:26,0
DA:33,0
DA:35,1
DA:36,0
DA:43,0
DA:44,0
LF:20
LH:10
BRDA:7,0,0,1
BRDA:7,0,1,0
BRF:2
BRH:1
end_of_record
TN:
SF:E:\Brayan\React\reactnd-project-myreads-starter\src\index.js
FNF:0
FNH:0
DA:1,0
DA:2,0
DA:3,0
DA:4,0
DA:5,0
DA:7,0
LF:6
LH:0
BRF:0
BRH:0
end_of_record
TN:
SF:E:\Brayan\React\reactnd-project-myreads-starter\src\setupTests.js
FNF:0
FNH:0
DA:4,5
LF:1
LH:1
BRF:0
BRH:0
end_of_record
TN:
SF:E:\Brayan\React\reactnd-project-myreads-starter\src\components\Book.js
FN:11,(anonymous_0)
FN:23,(anonymous_1)
FN:27,(anonymous_2)
FN:38,(anonymous_3)
FN:45,(anonymous_4)
FN:57,(anonymous_5)
FNF:6
FNH:6
FNDA:8,(anonymous_0)
FNDA:9,(anonymous_1)
FNDA:2,(anonymous_2)
FNDA:2,(anonymous_3)
FNDA:9,(anonymous_4)
FNDA:8,(anonymous_5)
DA:13,8
DA:25,9
DA:27,2
DA:40,2
DA:41,2
DA:42,2
DA:47,9
DA:49,9
DA:57,8
LF:9
LH:9
BRDA:52,0,0,9
BRDA:52,0,1,8
BRDA:57,1,0,9
BRDA:57,1,1,8
BRF:4
BRH:4
end_of_record
TN:
SF:E:\Brayan\React\reactnd-project-myreads-starter\src\components\BookShelf.js
FN:13,(anonymous_0)
FN:21,(anonymous_1)
FNF:2
FNH:2
FNDA:11,(anonymous_0)
FNDA:8,(anonymous_1)
DA:14,11
DA:16,11
DA:22,8
LF:3
LH:3
BRF:0
BRH:0
end_of_record
TN:
SF:E:\Brayan\React\reactnd-project-myreads-starter\src\components\ListBooks.js
FN:12,(anonymous_0)
FN:19,(anonymous_1)
FN:20,(anonymous_2)
FN:21,(anonymous_3)
FNF:4
FNH:4
FNDA:2,(anonymous_0)
FNDA:4,(anonymous_1)
FNDA:4,(anonymous_2)
FNDA:4,(anonymous_3)
DA:14,2
DA:16,2
DA:19,4
DA:20,4
DA:21,4
LF:5
LH:5
BRF:0
BRH:0
end_of_record
TN:
SF:E:\Brayan\React\reactnd-project-myreads-starter\src\components\SearchBooks.js
FN:14,(anonymous_0)
FN:22,(anonymous_1)
FN:22,(anonymous_2)
FN:23,(anonymous_3)
FN:23,(anonymous_4)
FN:24,(anonymous_5)
FN:24,(anonymous_6)
FN:25,(anonymous_7)
FN:25,(anonymous_8)
FN:30,(anonymous_9)
FN:37,(anonymous_10)
FN:43,(anonymous_11)
FN:58,(anonymous_12)
FN:59,(anonymous_13)
FNF:14
FNH:14
FNDA:1,(anonymous_0)
FNDA:2,(anonymous_1)
FNDA:4,(anonymous_2)
FNDA:3,(anonymous_3)
FNDA:4,(anonymous_4)
FNDA:1,(anonymous_5)
FNDA:4,(anonymous_6)
FNDA:4,(anonymous_7)
FNDA:4,(anonymous_8)
FNDA:1,(anonymous_9)
FNDA:1,(anonymous_10)
FNDA:1,(anonymous_11)
FNDA:1,(anonymous_12)
FNDA:1,(anonymous_13)
DA:15,1
DA:16,1
DA:17,1
DA:18,1
DA:20,1
DA:22,4
DA:23,4
DA:24,4
DA:25,4
DA:32,1
DA:38,1
DA:40,1
DA:44,1
DA:46,1
DA:58,1
DA:59,1
LF:16
LH:16
BRDA:22,0,0,1
BRDA:22,0,1,1
BRDA:23,1,0,1
BRDA:23,1,1,1
BRDA:24,2,0,1
BRDA:24,2,1,1
BRDA:25,3,0,1
BRDA:25,3,1,1
BRDA:58,4,0,1
BRDA:58,4,1,1
BRF:10
BRH:10
end_of_record
